{
  "stats": {
    "suites": 1,
    "tests": 6,
    "passes": 6,
    "pending": 0,
    "failures": 0,
    "start": "2025-02-18T02:12:35.677Z",
    "end": "2025-02-18T02:14:11.360Z",
    "duration": 95683,
    "testsRegistered": 6,
    "passPercent": 100,
    "pendingPercent": 0,
    "other": 0,
    "hasOther": false,
    "skipped": 0,
    "hasSkipped": false
  },
  "results": [
    {
      "uuid": "8e6fbfc4-12a8-4135-9b67-2090a86db190",
      "title": "",
      "fullFile": "C:\\workshop-appium\\test\\spec\\login_test.js",
      "file": "\\test\\spec\\login_test.js",
      "beforeHooks": [],
      "afterHooks": [],
      "tests": [],
      "suites": [
        {
          "uuid": "cee28afb-0d2a-4cbc-ac78-19b63f644916",
          "title": "Login",
          "fullFile": "C:\\workshop-appium\\test\\spec\\login_test.js",
          "file": "\\test\\spec\\login_test.js",
          "beforeHooks": [
            {
              "title": "\"before each\" hook in \"Login\"",
              "fullTitle": "Login \"before each\" hook in \"Login\"",
              "timedOut": false,
              "duration": 6401,
              "state": null,
              "speed": null,
              "pass": false,
              "fail": false,
              "pending": false,
              "context": null,
              "code": "driver = await init(process.env.PLATFORM)",
              "err": {},
              "uuid": "e278c918-0d5d-4e8a-abb3-5ab7fac35780",
              "parentUUID": "cee28afb-0d2a-4cbc-ac78-19b63f644916",
              "isHook": true,
              "skipped": false
            }
          ],
          "afterHooks": [
            {
              "title": "\"after each\" hook in \"Login\"",
              "fullTitle": "Login \"after each\" hook in \"Login\"",
              "timedOut": false,
              "duration": 521,
              "state": null,
              "speed": null,
              "pass": false,
              "fail": false,
              "pending": false,
              "context": null,
              "code": "await end(driver)",
              "err": {},
              "uuid": "11f21f88-8b07-4c2f-9c49-1d75be807852",
              "parentUUID": "cee28afb-0d2a-4cbc-ac78-19b63f644916",
              "isHook": true,
              "skipped": false
            }
          ],
          "tests": [
            {
              "title": "Login com email inválido",
              "fullTitle": "Login Login com email inválido",
              "timedOut": false,
              "duration": 9505,
              "state": "passed",
              "speed": "slow",
              "pass": true,
              "fail": false,
              "pending": false,
              "context": null,
              "code": "await preencherEmail(driver, \"error@teste.com\")\nawait preencherSenha(driver, \"123456\")\nawait clickEntrar(driver)\nawait validaLoginError(driver)",
              "err": {},
              "uuid": "d96d6b59-c0a8-4de4-bd63-b7dd09d2ca08",
              "parentUUID": "cee28afb-0d2a-4cbc-ac78-19b63f644916",
              "isHook": false,
              "skipped": false
            },
            {
              "title": "Login com email e senha vazios",
              "fullTitle": "Login Login com email e senha vazios",
              "timedOut": false,
              "duration": 6069,
              "state": "passed",
              "speed": "slow",
              "pass": true,
              "fail": false,
              "pending": false,
              "context": null,
              "code": "await clickEntrar(driver)\nawait validaLoginError(driver)",
              "err": {},
              "uuid": "faeb144b-341e-40cf-b4c5-29d5212cf16f",
              "parentUUID": "cee28afb-0d2a-4cbc-ac78-19b63f644916",
              "isHook": false,
              "skipped": false
            },
            {
              "title": "Login com email vazio",
              "fullTitle": "Login Login com email vazio",
              "timedOut": false,
              "duration": 7697,
              "state": "passed",
              "speed": "slow",
              "pass": true,
              "fail": false,
              "pending": false,
              "context": null,
              "code": "await preencherSenha(driver, \"123456\")\nawait clickEntrar(driver)\nawait validaLoginError(driver)",
              "err": {},
              "uuid": "05b46c46-d95f-46ab-a857-f0466151cb10",
              "parentUUID": "cee28afb-0d2a-4cbc-ac78-19b63f644916",
              "isHook": false,
              "skipped": false
            },
            {
              "title": "Login com senha vazio",
              "fullTitle": "Login Login com senha vazio",
              "timedOut": false,
              "duration": 7655,
              "state": "passed",
              "speed": "slow",
              "pass": true,
              "fail": false,
              "pending": false,
              "context": null,
              "code": "await preencherEmail(driver, \"teste@teste.com\")\nawait clickEntrar(driver)\nawait validaLoginError(driver)",
              "err": {},
              "uuid": "4be22e9e-1d46-4631-907c-48b1fe15dbd7",
              "parentUUID": "cee28afb-0d2a-4cbc-ac78-19b63f644916",
              "isHook": false,
              "skipped": false
            },
            {
              "title": "Login com senha inválida",
              "fullTitle": "Login Login com senha inválida",
              "timedOut": false,
              "duration": 9418,
              "state": "passed",
              "speed": "slow",
              "pass": true,
              "fail": false,
              "pending": false,
              "context": null,
              "code": "await preencherEmail(driver, \"teste@teste.com\")\nawait preencherSenha(driver, \"xpto\")\nawait clickEntrar(driver)\nawait validaLoginError(driver)",
              "err": {},
              "uuid": "4cb944e8-3df8-4b29-b084-a68504832299",
              "parentUUID": "cee28afb-0d2a-4cbc-ac78-19b63f644916",
              "isHook": false,
              "skipped": false
            },
            {
              "title": "Login com sucesso",
              "fullTitle": "Login Login com sucesso",
              "timedOut": false,
              "duration": 8885,
              "state": "passed",
              "speed": "slow",
              "pass": true,
              "fail": false,
              "pending": false,
              "context": null,
              "code": "await preencherEmail(driver, \"teste@teste.com\")\nawait preencherSenha(driver, \"123456\")\nawait clickEntrar(driver)\nawait ValidarLoginSucesso(driver)",
              "err": {},
              "uuid": "80338ce4-8510-4f90-9b8d-6b93a7833238",
              "parentUUID": "cee28afb-0d2a-4cbc-ac78-19b63f644916",
              "isHook": false,
              "skipped": false
            }
          ],
          "suites": [],
          "passes": [
            "d96d6b59-c0a8-4de4-bd63-b7dd09d2ca08",
            "faeb144b-341e-40cf-b4c5-29d5212cf16f",
            "05b46c46-d95f-46ab-a857-f0466151cb10",
            "4be22e9e-1d46-4631-907c-48b1fe15dbd7",
            "4cb944e8-3df8-4b29-b084-a68504832299",
            "80338ce4-8510-4f90-9b8d-6b93a7833238"
          ],
          "failures": [],
          "pending": [],
          "skipped": [],
          "duration": 49229,
          "root": false,
          "rootEmpty": false,
          "_timeout": 50000
        }
      ],
      "passes": [],
      "failures": [],
      "pending": [],
      "skipped": [],
      "duration": 0,
      "root": true,
      "rootEmpty": true,
      "_timeout": 50000
    }
  ],
  "meta": {
    "mocha": {
      "version": "11.1.0"
    },
    "mochawesome": {
      "options": {
        "quiet": false,
        "reportFilename": "mochawesome",
        "saveHtml": true,
        "saveJson": true,
        "consoleReporter": "spec",
        "useInlineDiffs": false,
        "code": true
      },
      "version": "7.1.3"
    },
    "marge": {
      "options": null,
      "version": "6.2.0"
    }
  }
}