{
  "stats": {
    "suites": 1,
    "tests": 6,
    "passes": 6,
    "pending": 0,
    "failures": 0,
    "start": "2025-02-18T02:27:15.604Z",
    "end": "2025-02-18T02:28:46.725Z",
    "duration": 91121,
    "testsRegistered": 6,
    "passPercent": 100,
    "pendingPercent": 0,
    "other": 0,
    "hasOther": false,
    "skipped": 0,
    "hasSkipped": false
  },
  "results": [
    {
      "uuid": "464f7203-fa08-4e0a-827e-7755c8d30264",
      "title": "",
      "fullFile": "C:\\workshop-appium\\test\\spec\\login_test.js",
      "file": "\\test\\spec\\login_test.js",
      "beforeHooks": [],
      "afterHooks": [],
      "tests": [],
      "suites": [
        {
          "uuid": "fac784cf-c1b3-468b-a2ca-44df2518a104",
          "title": "Login",
          "fullFile": "C:\\workshop-appium\\test\\spec\\login_test.js",
          "file": "\\test\\spec\\login_test.js",
          "beforeHooks": [
            {
              "title": "\"before each\" hook in \"Login\"",
              "fullTitle": "Login \"before each\" hook in \"Login\"",
              "timedOut": false,
              "duration": 6232,
              "state": null,
              "speed": null,
              "pass": false,
              "fail": false,
              "pending": false,
              "context": null,
              "code": "driver = await init(process.env.PLATFORM)",
              "err": {},
              "uuid": "409ad174-1a61-41c9-8a87-b55d9200740c",
              "parentUUID": "fac784cf-c1b3-468b-a2ca-44df2518a104",
              "isHook": true,
              "skipped": false
            }
          ],
          "afterHooks": [
            {
              "title": "\"after each\" hook in \"Login\"",
              "fullTitle": "Login \"after each\" hook in \"Login\"",
              "timedOut": false,
              "duration": 553,
              "state": null,
              "speed": null,
              "pass": false,
              "fail": false,
              "pending": false,
              "context": null,
              "code": "await end(driver)",
              "err": {},
              "uuid": "d06b80f0-f99b-4c6b-8b65-87055c0dd8b0",
              "parentUUID": "fac784cf-c1b3-468b-a2ca-44df2518a104",
              "isHook": true,
              "skipped": false
            }
          ],
          "tests": [
            {
              "title": "Login com email inválido",
              "fullTitle": "Login Login com email inválido",
              "timedOut": false,
              "duration": 9400,
              "state": "passed",
              "speed": "slow",
              "pass": true,
              "fail": false,
              "pending": false,
              "context": null,
              "code": "await preencherEmail(driver, \"error@teste.com\")\nawait preencherSenha(driver, \"123456\")\nawait clickEntrar(driver)\nawait validaLoginError(driver)",
              "err": {},
              "uuid": "18490fbe-2e6a-44d6-8231-43c8a1ac7cde",
              "parentUUID": "fac784cf-c1b3-468b-a2ca-44df2518a104",
              "isHook": false,
              "skipped": false
            },
            {
              "title": "Login com email e senha vazios",
              "fullTitle": "Login Login com email e senha vazios",
              "timedOut": false,
              "duration": 6052,
              "state": "passed",
              "speed": "slow",
              "pass": true,
              "fail": false,
              "pending": false,
              "context": null,
              "code": "await clickEntrar(driver)\nawait validaLoginError(driver)",
              "err": {},
              "uuid": "3e4444cd-4435-4099-ba36-4d400082f133",
              "parentUUID": "fac784cf-c1b3-468b-a2ca-44df2518a104",
              "isHook": false,
              "skipped": false
            },
            {
              "title": "Login com email vazio",
              "fullTitle": "Login Login com email vazio",
              "timedOut": false,
              "duration": 7693,
              "state": "passed",
              "speed": "slow",
              "pass": true,
              "fail": false,
              "pending": false,
              "context": null,
              "code": "await preencherSenha(driver, \"123456\")\nawait clickEntrar(driver)\nawait validaLoginError(driver)",
              "err": {},
              "uuid": "457a9889-4b9c-470d-a676-2a31c5699ce5",
              "parentUUID": "fac784cf-c1b3-468b-a2ca-44df2518a104",
              "isHook": false,
              "skipped": false
            },
            {
              "title": "Login com senha vazio",
              "fullTitle": "Login Login com senha vazio",
              "timedOut": false,
              "duration": 8098,
              "state": "passed",
              "speed": "slow",
              "pass": true,
              "fail": false,
              "pending": false,
              "context": null,
              "code": "await preencherEmail(driver, \"teste@teste.com\")\nawait clickEntrar(driver)\nawait validaLoginError(driver)",
              "err": {},
              "uuid": "f0502659-ad8e-476c-b35b-8b126a3b7122",
              "parentUUID": "fac784cf-c1b3-468b-a2ca-44df2518a104",
              "isHook": false,
              "skipped": false
            },
            {
              "title": "Login com senha inválida",
              "fullTitle": "Login Login com senha inválida",
              "timedOut": false,
              "duration": 9479,
              "state": "passed",
              "speed": "slow",
              "pass": true,
              "fail": false,
              "pending": false,
              "context": null,
              "code": "await preencherEmail(driver, \"teste@teste.com\")\nawait preencherSenha(driver, \"xpto\")\nawait clickEntrar(driver)\nawait validaLoginError(driver)",
              "err": {},
              "uuid": "465d0dcf-20c2-4f11-aeb3-b81d8e6a2a2b",
              "parentUUID": "fac784cf-c1b3-468b-a2ca-44df2518a104",
              "isHook": false,
              "skipped": false
            },
            {
              "title": "Login com sucesso",
              "fullTitle": "Login Login com sucesso",
              "timedOut": false,
              "duration": 8771,
              "state": "passed",
              "speed": "slow",
              "pass": true,
              "fail": false,
              "pending": false,
              "context": null,
              "code": "await preencherEmail(driver, \"teste@teste.com\")\nawait preencherSenha(driver, \"123456\")\nawait clickEntrar(driver)\nawait ValidarLoginSucesso(driver)",
              "err": {},
              "uuid": "87c1e04c-ddb5-495c-820b-0ab63b2ad4db",
              "parentUUID": "fac784cf-c1b3-468b-a2ca-44df2518a104",
              "isHook": false,
              "skipped": false
            }
          ],
          "suites": [],
          "passes": [
            "18490fbe-2e6a-44d6-8231-43c8a1ac7cde",
            "3e4444cd-4435-4099-ba36-4d400082f133",
            "457a9889-4b9c-470d-a676-2a31c5699ce5",
            "f0502659-ad8e-476c-b35b-8b126a3b7122",
            "465d0dcf-20c2-4f11-aeb3-b81d8e6a2a2b",
            "87c1e04c-ddb5-495c-820b-0ab63b2ad4db"
          ],
          "failures": [],
          "pending": [],
          "skipped": [],
          "duration": 49493,
          "root": false,
          "rootEmpty": false,
          "_timeout": 50000
        }
      ],
      "passes": [],
      "failures": [],
      "pending": [],
      "skipped": [],
      "duration": 0,
      "root": true,
      "rootEmpty": true,
      "_timeout": 50000
    }
  ],
  "meta": {
    "mocha": {
      "version": "11.1.0"
    },
    "mochawesome": {
      "options": {
        "quiet": false,
        "reportFilename": "mochawesome",
        "saveHtml": true,
        "saveJson": true,
        "consoleReporter": "spec",
        "useInlineDiffs": false,
        "code": true
      },
      "version": "7.1.3"
    },
    "marge": {
      "options": null,
      "version": "6.2.0"
    }
  }
}